2020-03-06 19:47:30.700  INFO [servicio-items,,,] 8460 --- [restartedMain] c.c.c.ConfigServicePropertySourceLocator : Fetching config from server at : http://localhost:8888
2020-03-06 19:47:31.792  INFO [servicio-items,,,] 8460 --- [restartedMain] c.c.c.ConfigServicePropertySourceLocator : Located environment: name=servicio-items, profiles=[dev], label=null, version=93a20adb152c79ab23b02aa582410a46758b43d4, state=null
2020-03-06 19:47:31.793  INFO [servicio-items,,,] 8460 --- [restartedMain] b.c.PropertySourceBootstrapConfiguration : Located property source: CompositePropertySource {name='configService', propertySources=[MapPropertySource {name='configClient'}, MapPropertySource {name='https://github.com/CamiloLalanne/config-files.git/servicio-items-dev.properties'}, MapPropertySource {name='https://github.com/CamiloLalanne/config-files.git/servicio-items.properties'}, MapPropertySource {name='https://github.com/CamiloLalanne/config-files.git/application.properties'}]}
2020-03-06 19:47:31.821  INFO [servicio-items,,,] 8460 --- [restartedMain] .s.a.i.SpringbootServicioItemApplication : The following profiles are active: dev
2020-03-06 19:47:32.917  WARN [servicio-items,,,] 8460 --- [restartedMain] o.s.boot.actuate.endpoint.EndpointId     : Endpoint ID 'service-registry' contains invalid characters, please migrate to a valid format.
2020-03-06 19:47:32.971  WARN [servicio-items,,,] 8460 --- [restartedMain] o.s.boot.actuate.endpoint.EndpointId     : Endpoint ID 'hystrix.stream' contains invalid characters, please migrate to a valid format.
2020-03-06 19:47:33.207  INFO [servicio-items,,,] 8460 --- [restartedMain] o.s.cloud.context.scope.GenericScope     : BeanFactory id=52541657-b292-3aed-b42d-77d5475074dc
2020-03-06 19:47:33.501  INFO [servicio-items,,,] 8460 --- [restartedMain] trationDelegate$BeanPostProcessorChecker : Bean 'org.springframework.cloud.autoconfigure.ConfigurationPropertiesRebinderAutoConfiguration' of type [org.springframework.cloud.autoconfigure.ConfigurationPropertiesRebinderAutoConfiguration$$EnhancerBySpringCGLIB$$84b96f2a] is not eligible for getting processed by all BeanPostProcessors (for example: not eligible for auto-proxying)
2020-03-06 19:47:33.975  INFO [servicio-items,,,] 8460 --- [restartedMain] o.s.b.w.embedded.tomcat.TomcatWebServer  : Tomcat initialized with port(s): 8005 (http)
2020-03-06 19:47:33.993  INFO [servicio-items,,,] 8460 --- [restartedMain] o.apache.catalina.core.StandardService   : Starting service [Tomcat]
2020-03-06 19:47:33.993  INFO [servicio-items,,,] 8460 --- [restartedMain] org.apache.catalina.core.StandardEngine  : Starting Servlet engine: [Apache Tomcat/9.0.19]
2020-03-06 19:47:34.109  INFO [servicio-items,,,] 8460 --- [restartedMain] o.a.c.c.C.[Tomcat].[localhost].[/]       : Initializing Spring embedded WebApplicationContext
2020-03-06 19:47:34.110  INFO [servicio-items,,,] 8460 --- [restartedMain] o.s.web.context.ContextLoader            : Root WebApplicationContext: initialization completed in 2277 ms
2020-03-06 19:47:34.279  WARN [servicio-items,,,] 8460 --- [restartedMain] c.n.c.sources.URLConfigurationSource     : No URLs will be polled as dynamic configuration sources.
2020-03-06 19:47:34.279  INFO [servicio-items,,,] 8460 --- [restartedMain] c.n.c.sources.URLConfigurationSource     : To enable URLs as dynamic configuration sources, define System property archaius.configurationSource.additionalUrls or make config.properties available on classpath.
2020-03-06 19:47:34.286  INFO [servicio-items,,,] 8460 --- [restartedMain] c.netflix.config.DynamicPropertyFactory  : DynamicPropertyFactory is initialized with configuration sources: com.netflix.config.ConcurrentCompositeConfiguration@6e66a6e
2020-03-06 19:47:36.020  INFO [servicio-items,,,] 8460 --- [restartedMain] o.s.b.a.e.web.ServletEndpointRegistrar   : Registered '/actuator/hystrix.stream' to hystrix.stream-actuator-endpoint
2020-03-06 19:47:36.231  WARN [servicio-items,,,] 8460 --- [restartedMain] o.s.b.d.a.OptionalLiveReloadServer       : Unable to start LiveReload server
2020-03-06 19:47:36.707  INFO [servicio-items,,,] 8460 --- [restartedMain] o.s.b.a.e.web.EndpointLinksResolver      : Exposing 21 endpoint(s) beneath base path '/actuator'
2020-03-06 19:47:36.841  INFO [servicio-items,,,] 8460 --- [restartedMain] pertySourcedRequestMappingHandlerMapping : Mapped URL path [/v2/api-docs] onto method [public org.springframework.http.ResponseEntity<springfox.documentation.spring.web.json.Json> springfox.documentation.swagger2.web.Swagger2Controller.getDocumentation(java.lang.String,javax.servlet.http.HttpServletRequest)]
2020-03-06 19:47:36.877  WARN [servicio-items,,,] 8460 --- [restartedMain] c.n.c.sources.URLConfigurationSource     : No URLs will be polled as dynamic configuration sources.
2020-03-06 19:47:36.877  INFO [servicio-items,,,] 8460 --- [restartedMain] c.n.c.sources.URLConfigurationSource     : To enable URLs as dynamic configuration sources, define System property archaius.configurationSource.additionalUrls or make config.properties available on classpath.
2020-03-06 19:47:37.101  INFO [servicio-items,,,] 8460 --- [restartedMain] o.s.s.concurrent.ThreadPoolTaskExecutor  : Initializing ExecutorService 'applicationTaskExecutor'
2020-03-06 19:47:38.609  INFO [servicio-items,,,] 8460 --- [restartedMain] o.s.c.n.eureka.InstanceInfoFactory       : Setting initial instance status as: STARTING
2020-03-06 19:47:38.638  INFO [servicio-items,,,] 8460 --- [restartedMain] com.netflix.discovery.DiscoveryClient    : Initializing Eureka in region us-east-1
2020-03-06 19:47:39.083  INFO [servicio-items,,,] 8460 --- [restartedMain] c.n.d.provider.DiscoveryJerseyProvider   : Using JSON encoding codec LegacyJacksonJson
2020-03-06 19:47:39.083  INFO [servicio-items,,,] 8460 --- [restartedMain] c.n.d.provider.DiscoveryJerseyProvider   : Using JSON decoding codec LegacyJacksonJson
2020-03-06 19:47:39.180  INFO [servicio-items,,,] 8460 --- [restartedMain] c.n.d.provider.DiscoveryJerseyProvider   : Using XML encoding codec XStreamXml
2020-03-06 19:47:39.180  INFO [servicio-items,,,] 8460 --- [restartedMain] c.n.d.provider.DiscoveryJerseyProvider   : Using XML decoding codec XStreamXml
2020-03-06 19:47:39.330  INFO [servicio-items,,,] 8460 --- [restartedMain] c.n.d.s.r.aws.ConfigClusterResolver      : Resolving eureka endpoints via configuration
2020-03-06 19:47:39.635  INFO [servicio-items,,,] 8460 --- [restartedMain] com.netflix.discovery.DiscoveryClient    : Disable delta property : false
2020-03-06 19:47:39.636  INFO [servicio-items,,,] 8460 --- [restartedMain] com.netflix.discovery.DiscoveryClient    : Single vip registry refresh property : null
2020-03-06 19:47:39.636  INFO [servicio-items,,,] 8460 --- [restartedMain] com.netflix.discovery.DiscoveryClient    : Force full registry fetch : false
2020-03-06 19:47:39.636  INFO [servicio-items,,,] 8460 --- [restartedMain] com.netflix.discovery.DiscoveryClient    : Application is null : false
2020-03-06 19:47:39.637  INFO [servicio-items,,,] 8460 --- [restartedMain] com.netflix.discovery.DiscoveryClient    : Registered Applications size is zero : true
2020-03-06 19:47:39.637  INFO [servicio-items,,,] 8460 --- [restartedMain] com.netflix.discovery.DiscoveryClient    : Application version is -1: true
2020-03-06 19:47:39.637  INFO [servicio-items,,,] 8460 --- [restartedMain] com.netflix.discovery.DiscoveryClient    : Getting all instance registry info from the eureka server
2020-03-06 19:47:39.745  INFO [servicio-items,,,] 8460 --- [restartedMain] com.netflix.discovery.DiscoveryClient    : The response status is 200
2020-03-06 19:47:39.747  INFO [servicio-items,,,] 8460 --- [restartedMain] com.netflix.discovery.DiscoveryClient    : Starting heartbeat executor: renew interval is: 30
2020-03-06 19:47:39.749  INFO [servicio-items,,,] 8460 --- [restartedMain] c.n.discovery.InstanceInfoReplicator     : InstanceInfoReplicator onDemand update allowed rate per min is 4
2020-03-06 19:47:39.752  INFO [servicio-items,,,] 8460 --- [restartedMain] com.netflix.discovery.DiscoveryClient    : Discovery Client initialized at timestamp 1583534859752 with initial instances count: 2
2020-03-06 19:47:39.755  INFO [servicio-items,,,] 8460 --- [DiscoveryClient-InstanceInfoReplicator-0] com.netflix.discovery.DiscoveryClient    : Saw local status change event StatusChangeEvent [timestamp=1583534859755, current=OUT_OF_SERVICE, previous=STARTING]
2020-03-06 19:47:39.755  INFO [servicio-items,,,] 8460 --- [DiscoveryClient-InstanceInfoReplicator-0] com.netflix.discovery.DiscoveryClient    : DiscoveryClient_SERVICIO-ITEMS/DESKTOP-9CSVTN3.mshome.net:servicio-items:8005: registering service...
2020-03-06 19:47:39.766  INFO [servicio-items,,,] 8460 --- [restartedMain] o.s.c.n.e.s.EurekaServiceRegistry        : Registering application SERVICIO-ITEMS with eureka with status UP
2020-03-06 19:47:39.766  INFO [servicio-items,,,] 8460 --- [restartedMain] com.netflix.discovery.DiscoveryClient    : Saw local status change event StatusChangeEvent [timestamp=1583534859766, current=UP, previous=OUT_OF_SERVICE]
2020-03-06 19:47:39.766  WARN [servicio-items,,,] 8460 --- [restartedMain] c.n.discovery.InstanceInfoReplicator     : Ignoring onDemand update due to rate limiter
2020-03-06 19:47:39.767  WARN [servicio-items,,,] 8460 --- [restartedMain] c.n.discovery.InstanceInfoReplicator     : Ignoring onDemand update due to rate limiter
2020-03-06 19:47:39.768  INFO [servicio-items,,,] 8460 --- [restartedMain] d.s.w.p.DocumentationPluginsBootstrapper : Context refreshed
2020-03-06 19:47:39.787  INFO [servicio-items,,,] 8460 --- [restartedMain] d.s.w.p.DocumentationPluginsBootstrapper : Found 1 custom documentation plugin(s)
2020-03-06 19:47:39.792  INFO [servicio-items,,,] 8460 --- [DiscoveryClient-InstanceInfoReplicator-0] com.netflix.discovery.DiscoveryClient    : DiscoveryClient_SERVICIO-ITEMS/DESKTOP-9CSVTN3.mshome.net:servicio-items:8005 - registration status: 204
2020-03-06 19:47:39.792  WARN [servicio-items,,,] 8460 --- [DiscoveryClient-InstanceInfoReplicator-0] com.netflix.discovery.DiscoveryClient    : Saw local status change event StatusChangeEvent [timestamp=1583534859792, current=DOWN, previous=UP]
2020-03-06 19:47:39.792  WARN [servicio-items,,,] 8460 --- [DiscoveryClient-InstanceInfoReplicator-0] c.n.discovery.InstanceInfoReplicator     : Ignoring onDemand update due to rate limiter
2020-03-06 19:47:39.792  INFO [servicio-items,,,] 8460 --- [DiscoveryClient-InstanceInfoReplicator-0] com.netflix.discovery.DiscoveryClient    : DiscoveryClient_SERVICIO-ITEMS/DESKTOP-9CSVTN3.mshome.net:servicio-items:8005: registering service...
2020-03-06 19:47:39.796  INFO [servicio-items,,,] 8460 --- [DiscoveryClient-InstanceInfoReplicator-0] com.netflix.discovery.DiscoveryClient    : DiscoveryClient_SERVICIO-ITEMS/DESKTOP-9CSVTN3.mshome.net:servicio-items:8005 - registration status: 204
2020-03-06 19:47:39.827  INFO [servicio-items,,,] 8460 --- [restartedMain] s.d.s.w.s.ApiListingReferenceScanner     : Scanning for api listing references
2020-03-06 19:47:39.976  INFO [servicio-items,,,] 8460 --- [restartedMain] .d.s.w.r.o.CachingOperationNameGenerator : Generating unique operation named: handleUsingGET_1
2020-03-06 19:47:39.978  INFO [servicio-items,,,] 8460 --- [restartedMain] .d.s.w.r.o.CachingOperationNameGenerator : Generating unique operation named: handleUsingGET_2
2020-03-06 19:47:39.979  INFO [servicio-items,,,] 8460 --- [restartedMain] .d.s.w.r.o.CachingOperationNameGenerator : Generating unique operation named: handleUsingGET_3
2020-03-06 19:47:39.982  INFO [servicio-items,,,] 8460 --- [restartedMain] .d.s.w.r.o.CachingOperationNameGenerator : Generating unique operation named: handleUsingGET_4
2020-03-06 19:47:39.983  INFO [servicio-items,,,] 8460 --- [restartedMain] .d.s.w.r.o.CachingOperationNameGenerator : Generating unique operation named: handleUsingDELETE_1
2020-03-06 19:47:39.985  INFO [servicio-items,,,] 8460 --- [restartedMain] .d.s.w.r.o.CachingOperationNameGenerator : Generating unique operation named: handleUsingGET_5
2020-03-06 19:47:39.986  INFO [servicio-items,,,] 8460 --- [restartedMain] .d.s.w.r.o.CachingOperationNameGenerator : Generating unique operation named: handleUsingGET_6
2020-03-06 19:47:39.988  INFO [servicio-items,,,] 8460 --- [restartedMain] .d.s.w.r.o.CachingOperationNameGenerator : Generating unique operation named: handleUsingGET_7
2020-03-06 19:47:39.989  INFO [servicio-items,,,] 8460 --- [restartedMain] .d.s.w.r.o.CachingOperationNameGenerator : Generating unique operation named: handleUsingGET_8
2020-03-06 19:47:39.991  INFO [servicio-items,,,] 8460 --- [restartedMain] .d.s.w.r.o.CachingOperationNameGenerator : Generating unique operation named: handleUsingDELETE_2
2020-03-06 19:47:39.993  INFO [servicio-items,,,] 8460 --- [restartedMain] .d.s.w.r.o.CachingOperationNameGenerator : Generating unique operation named: handleUsingGET_9
2020-03-06 19:47:39.994  INFO [servicio-items,,,] 8460 --- [restartedMain] .d.s.w.r.o.CachingOperationNameGenerator : Generating unique operation named: handleUsingGET_10
2020-03-06 19:47:39.996  INFO [servicio-items,,,] 8460 --- [restartedMain] .d.s.w.r.o.CachingOperationNameGenerator : Generating unique operation named: handleUsingGET_11
2020-03-06 19:47:39.997  INFO [servicio-items,,,] 8460 --- [restartedMain] .d.s.w.r.o.CachingOperationNameGenerator : Generating unique operation named: handleUsingGET_12
2020-03-06 19:47:39.999  INFO [servicio-items,,,] 8460 --- [restartedMain] .d.s.w.r.o.CachingOperationNameGenerator : Generating unique operation named: handleUsingGET_13
2020-03-06 19:47:40.000  INFO [servicio-items,,,] 8460 --- [restartedMain] .d.s.w.r.o.CachingOperationNameGenerator : Generating unique operation named: handleUsingGET_14
2020-03-06 19:47:40.001  INFO [servicio-items,,,] 8460 --- [restartedMain] .d.s.w.r.o.CachingOperationNameGenerator : Generating unique operation named: handleUsingGET_15
2020-03-06 19:47:40.002  INFO [servicio-items,,,] 8460 --- [restartedMain] .d.s.w.r.o.CachingOperationNameGenerator : Generating unique operation named: handleUsingGET_16
2020-03-06 19:47:40.004  INFO [servicio-items,,,] 8460 --- [restartedMain] .d.s.w.r.o.CachingOperationNameGenerator : Generating unique operation named: handleUsingPOST_1
2020-03-06 19:47:40.005  INFO [servicio-items,,,] 8460 --- [restartedMain] .d.s.w.r.o.CachingOperationNameGenerator : Generating unique operation named: handleUsingGET_17
2020-03-06 19:47:40.006  INFO [servicio-items,,,] 8460 --- [restartedMain] .d.s.w.r.o.CachingOperationNameGenerator : Generating unique operation named: handleUsingGET_18
2020-03-06 19:47:40.007  INFO [servicio-items,,,] 8460 --- [restartedMain] .d.s.w.r.o.CachingOperationNameGenerator : Generating unique operation named: handleUsingGET_19
2020-03-06 19:47:40.008  INFO [servicio-items,,,] 8460 --- [restartedMain] .d.s.w.r.o.CachingOperationNameGenerator : Generating unique operation named: handleUsingGET_20
2020-03-06 19:47:40.009  INFO [servicio-items,,,] 8460 --- [restartedMain] .d.s.w.r.o.CachingOperationNameGenerator : Generating unique operation named: handleUsingGET_21
2020-03-06 19:47:40.011  INFO [servicio-items,,,] 8460 --- [restartedMain] .d.s.w.r.o.CachingOperationNameGenerator : Generating unique operation named: handleUsingPOST_2
2020-03-06 19:47:40.012  INFO [servicio-items,,,] 8460 --- [restartedMain] .d.s.w.r.o.CachingOperationNameGenerator : Generating unique operation named: handleUsingGET_22
2020-03-06 19:47:40.013  INFO [servicio-items,,,] 8460 --- [restartedMain] .d.s.w.r.o.CachingOperationNameGenerator : Generating unique operation named: handleUsingPOST_3
2020-03-06 19:47:40.014  INFO [servicio-items,,,] 8460 --- [restartedMain] .d.s.w.r.o.CachingOperationNameGenerator : Generating unique operation named: handleUsingGET_23
2020-03-06 19:47:40.015  INFO [servicio-items,,,] 8460 --- [restartedMain] .d.s.w.r.o.CachingOperationNameGenerator : Generating unique operation named: handleUsingGET_24
2020-03-06 19:47:40.085  INFO [servicio-items,,,] 8460 --- [restartedMain] o.s.b.w.embedded.tomcat.TomcatWebServer  : Tomcat started on port(s): 8005 (http) with context path ''
2020-03-06 19:47:40.086  INFO [servicio-items,,,] 8460 --- [restartedMain] .s.c.n.e.s.EurekaAutoServiceRegistration : Updating port to 8005
2020-03-06 19:47:40.088  INFO [servicio-items,,,] 8460 --- [restartedMain] .s.a.i.SpringbootServicioItemApplication : Started SpringbootServicioItemApplication in 10.914 seconds (JVM running for 11.813)
2020-03-06 19:47:55.146  INFO [servicio-items,,,] 8460 --- [http-nio-8005-exec-1] o.a.c.c.C.[Tomcat].[localhost].[/]       : Initializing Spring DispatcherServlet 'dispatcherServlet'
2020-03-06 19:47:55.146  INFO [servicio-items,,,] 8460 --- [http-nio-8005-exec-1] o.s.web.servlet.DispatcherServlet        : Initializing Servlet 'dispatcherServlet'
2020-03-06 19:47:55.167  INFO [servicio-items,,,] 8460 --- [http-nio-8005-exec-1] o.s.web.servlet.DispatcherServlet        : Completed initialization in 21 ms
2020-03-06 19:47:55.647  INFO [servicio-items,313acf4a1b4a3acb,4c36e71ade43dd66,true] 8460 --- [http-nio-8005-exec-1] c.netflix.config.ChainedDynamicProperty  : Flipping property: localhost.ribbon.ActiveConnectionsLimit to use NEXT property: niws.loadbalancer.availabilityFilteringRule.activeConnectionsLimit = 2147483647
2020-03-06 19:47:55.659  INFO [servicio-items,313acf4a1b4a3acb,4c36e71ade43dd66,true] 8460 --- [http-nio-8005-exec-1] c.n.u.concurrent.ShutdownEnabledTimer    : Shutdown hook installed for: NFLoadBalancer-PingTimer-localhost
2020-03-06 19:47:55.661  INFO [servicio-items,313acf4a1b4a3acb,4c36e71ade43dd66,true] 8460 --- [http-nio-8005-exec-1] c.netflix.loadbalancer.BaseLoadBalancer  : Client: localhost instantiated a LoadBalancer: DynamicServerListLoadBalancer:{NFLoadBalancer:name=localhost,current list of Servers=[],Load balancer stats=Zone stats: {},Server stats: []}ServerList:null
2020-03-06 19:47:55.667  INFO [servicio-items,313acf4a1b4a3acb,4c36e71ade43dd66,true] 8460 --- [http-nio-8005-exec-1] c.n.l.DynamicServerListLoadBalancer      : Using serverListUpdater PollingServerListUpdater
2020-03-06 19:47:55.669  INFO [servicio-items,313acf4a1b4a3acb,4c36e71ade43dd66,true] 8460 --- [http-nio-8005-exec-1] c.n.l.DynamicServerListLoadBalancer      : DynamicServerListLoadBalancer for client localhost initialized: DynamicServerListLoadBalancer:{NFLoadBalancer:name=localhost,current list of Servers=[],Load balancer stats=Zone stats: {},Server stats: []}ServerList:org.springframework.cloud.netflix.ribbon.eureka.DomainExtractingServerList@5aa8a0f8
2020-03-06 19:48:09.797  WARN [servicio-items,,,] 8460 --- [DiscoveryClient-InstanceInfoReplicator-0] com.netflix.discovery.DiscoveryClient    : Saw local status change event StatusChangeEvent [timestamp=1583534889797, current=STARTING, previous=DOWN]
2020-03-06 19:48:09.798  INFO [servicio-items,,,] 8460 --- [DiscoveryClient-InstanceInfoReplicator-0] com.netflix.discovery.DiscoveryClient    : DiscoveryClient_SERVICIO-ITEMS/DESKTOP-9CSVTN3.mshome.net:servicio-items:8005: registering service...
2020-03-06 19:48:09.802  INFO [servicio-items,,,] 8460 --- [DiscoveryClient-InstanceInfoReplicator-0] com.netflix.discovery.DiscoveryClient    : DiscoveryClient_SERVICIO-ITEMS/DESKTOP-9CSVTN3.mshome.net:servicio-items:8005 - registration status: 204
2020-03-06 19:48:09.802  INFO [servicio-items,,,] 8460 --- [DiscoveryClient-InstanceInfoReplicator-0] com.netflix.discovery.DiscoveryClient    : Saw local status change event StatusChangeEvent [timestamp=1583534889802, current=UNKNOWN, previous=STARTING]
2020-03-06 19:48:09.802  INFO [servicio-items,,,] 8460 --- [DiscoveryClient-InstanceInfoReplicator-0] com.netflix.discovery.DiscoveryClient    : DiscoveryClient_SERVICIO-ITEMS/DESKTOP-9CSVTN3.mshome.net:servicio-items:8005: registering service...
2020-03-06 19:48:09.806  INFO [servicio-items,,,] 8460 --- [DiscoveryClient-InstanceInfoReplicator-0] com.netflix.discovery.DiscoveryClient    : DiscoveryClient_SERVICIO-ITEMS/DESKTOP-9CSVTN3.mshome.net:servicio-items:8005 - registration status: 204
2020-03-06 19:48:09.806  INFO [servicio-items,,,] 8460 --- [DiscoveryClient-InstanceInfoReplicator-0] com.netflix.discovery.DiscoveryClient    : Saw local status change event StatusChangeEvent [timestamp=1583534889806, current=UP, previous=UNKNOWN]
2020-03-06 19:48:09.806  WARN [servicio-items,,,] 8460 --- [DiscoveryClient-InstanceInfoReplicator-0] c.n.discovery.InstanceInfoReplicator     : Ignoring onDemand update due to rate limiter
2020-03-06 19:48:09.807  INFO [servicio-items,,,] 8460 --- [DiscoveryClient-InstanceInfoReplicator-0] com.netflix.discovery.DiscoveryClient    : DiscoveryClient_SERVICIO-ITEMS/DESKTOP-9CSVTN3.mshome.net:servicio-items:8005: registering service...
2020-03-06 19:48:09.811  INFO [servicio-items,,,] 8460 --- [DiscoveryClient-InstanceInfoReplicator-0] com.netflix.discovery.DiscoveryClient    : DiscoveryClient_SERVICIO-ITEMS/DESKTOP-9CSVTN3.mshome.net:servicio-items:8005 - registration status: 204
2020-03-06 19:48:41.356  INFO [servicio-items,,,] 8460 --- [RMI TCP Connection(9)-127.0.0.1] inMXBeanRegistrar$SpringApplicationAdmin : Application shutdown requested.
2020-03-06 19:48:41.358  INFO [servicio-items,,,] 8460 --- [RMI TCP Connection(9)-127.0.0.1] o.s.c.n.e.s.EurekaServiceRegistry        : Unregistering application SERVICIO-ITEMS with eureka with status DOWN
2020-03-06 19:48:41.358  WARN [servicio-items,,,] 8460 --- [RMI TCP Connection(9)-127.0.0.1] com.netflix.discovery.DiscoveryClient    : Saw local status change event StatusChangeEvent [timestamp=1583534921358, current=DOWN, previous=UP]
2020-03-06 19:48:41.358  WARN [servicio-items,,,] 8460 --- [DiscoveryClient-InstanceInfoReplicator-0] com.netflix.discovery.DiscoveryClient    : Saw local status change event StatusChangeEvent [timestamp=1583534921358, current=UP, previous=DOWN]
2020-03-06 19:48:41.358  INFO [servicio-items,,,] 8460 --- [DiscoveryClient-InstanceInfoReplicator-0] com.netflix.discovery.DiscoveryClient    : DiscoveryClient_SERVICIO-ITEMS/DESKTOP-9CSVTN3.mshome.net:servicio-items:8005: registering service...
2020-03-06 19:48:41.362  INFO [servicio-items,,,] 8460 --- [DiscoveryClient-InstanceInfoReplicator-0] com.netflix.discovery.DiscoveryClient    : DiscoveryClient_SERVICIO-ITEMS/DESKTOP-9CSVTN3.mshome.net:servicio-items:8005 - registration status: 204
2020-03-06 19:48:41.366  INFO [servicio-items,,,] 8460 --- [RMI TCP Connection(9)-127.0.0.1] o.s.s.concurrent.ThreadPoolTaskExecutor  : Shutting down ExecutorService 'applicationTaskExecutor'
2020-03-06 19:48:41.379  INFO [servicio-items,,,] 8460 --- [RMI TCP Connection(9)-127.0.0.1] c.n.u.concurrent.ShutdownEnabledTimer    : Shutdown hook removed for: NFLoadBalancer-PingTimer-localhost
2020-03-06 19:48:42.389  WARN [servicio-items,,,] 8460 --- [RMI TCP Connection(9)-127.0.0.1] z.r.AsyncReporter$BoundedAsyncReporter   : Timed out waiting for in-flight spans to send
2020-03-06 19:48:45.645  INFO [servicio-items,,,] 8460 --- [RMI TCP Connection(9)-127.0.0.1] com.netflix.discovery.DiscoveryClient    : Shutting down DiscoveryClient ...
2020-03-06 19:48:48.646  INFO [servicio-items,,,] 8460 --- [RMI TCP Connection(9)-127.0.0.1] com.netflix.discovery.DiscoveryClient    : Unregistering ...
2020-03-06 19:48:48.651  INFO [servicio-items,,,] 8460 --- [RMI TCP Connection(9)-127.0.0.1] com.netflix.discovery.DiscoveryClient    : DiscoveryClient_SERVICIO-ITEMS/DESKTOP-9CSVTN3.mshome.net:servicio-items:8005 - deregister  status: 200
2020-03-06 19:48:48.659  INFO [servicio-items,,,] 8460 --- [RMI TCP Connection(9)-127.0.0.1] com.netflix.discovery.DiscoveryClient    : Completed shut down of DiscoveryClient
2020-03-06 19:48:48.926  INFO [servicio-items,,,] 8460 --- [RMI TCP Connection(9)-127.0.0.1] o.apache.catalina.core.StandardService   : Stopping service [Tomcat]
2020-03-06 19:48:48.929  INFO [servicio-items,,,] 8460 --- [RMI TCP Connection(9)-127.0.0.1] o.a.c.c.C.[Tomcat].[localhost].[/]       : Destroying Spring FrameworkServlet 'dispatcherServlet'
2020-03-06 19:48:48.934  WARN [servicio-items,,,] 8460 --- [RMI TCP Connection(9)-127.0.0.1] o.a.c.loader.WebappClassLoaderBase       : The web application [ROOT] appears to have started a thread named [RxIoScheduler-1 (Evictor)] but has failed to stop it. This is very likely to create a memory leak. Stack trace of thread:
 sun.misc.Unsafe.park(Native Method)
 java.util.concurrent.locks.LockSupport.parkNanos(Unknown Source)
 java.util.concurrent.locks.AbstractQueuedSynchronizer$ConditionObject.awaitNanos(Unknown Source)
 java.util.concurrent.ScheduledThreadPoolExecutor$DelayedWorkQueue.take(Unknown Source)
 java.util.concurrent.ScheduledThreadPoolExecutor$DelayedWorkQueue.take(Unknown Source)
 java.util.concurrent.ThreadPoolExecutor.getTask(Unknown Source)
 java.util.concurrent.ThreadPoolExecutor.runWorker(Unknown Source)
 java.util.concurrent.ThreadPoolExecutor$Worker.run(Unknown Source)
 java.lang.Thread.run(Unknown Source)
2020-03-06 19:48:48.935  WARN [servicio-items,,,] 8460 --- [RMI TCP Connection(9)-127.0.0.1] o.a.c.loader.WebappClassLoaderBase       : The web application [ROOT] appears to have started a thread named [PollingServerListUpdater-0] but has failed to stop it. This is very likely to create a memory leak. Stack trace of thread:
 sun.misc.Unsafe.park(Native Method)
 java.util.concurrent.locks.LockSupport.parkNanos(Unknown Source)
 java.util.concurrent.locks.AbstractQueuedSynchronizer$ConditionObject.awaitNanos(Unknown Source)
 java.util.concurrent.ScheduledThreadPoolExecutor$DelayedWorkQueue.take(Unknown Source)
 java.util.concurrent.ScheduledThreadPoolExecutor$DelayedWorkQueue.take(Unknown Source)
 java.util.concurrent.ThreadPoolExecutor.getTask(Unknown Source)
 java.util.concurrent.ThreadPoolExecutor.runWorker(Unknown Source)
 java.util.concurrent.ThreadPoolExecutor$Worker.run(Unknown Source)
 java.lang.Thread.run(Unknown Source)
2020-03-06 19:48:48.937  WARN [servicio-items,,,] 8460 --- [RMI TCP Connection(9)-127.0.0.1] o.a.c.loader.WebappClassLoaderBase       : The web application [ROOT] appears to have started a thread named [PollingServerListUpdater-1] but has failed to stop it. This is very likely to create a memory leak. Stack trace of thread:
 sun.misc.Unsafe.park(Native Method)
 java.util.concurrent.locks.LockSupport.park(Unknown Source)
 java.util.concurrent.locks.AbstractQueuedSynchronizer$ConditionObject.await(Unknown Source)
 java.util.concurrent.ScheduledThreadPoolExecutor$DelayedWorkQueue.take(Unknown Source)
 java.util.concurrent.ScheduledThreadPoolExecutor$DelayedWorkQueue.take(Unknown Source)
 java.util.concurrent.ThreadPoolExecutor.getTask(Unknown Source)
 java.util.concurrent.ThreadPoolExecutor.runWorker(Unknown Source)
 java.util.concurrent.ThreadPoolExecutor$Worker.run(Unknown Source)
 java.lang.Thread.run(Unknown Source)
2020-03-06 19:48:48.942  INFO [servicio-items,,,] 8460 --- [Thread-19] c.n.l.PollingServerListUpdater           : Shutting down the Executor Pool for PollingServerListUpdater
